[2018-12-15 17:16:21] START
[2018-12-15 17:17:48] EDIT Image_blog/models/db.py: 16
[2018-12-15 17:19:36] DELETE Image_blog/models/menu.py: -97
[2018-12-15 17:58:55] CREATE db1.py: 0
[2018-12-15 17:59:21] EDIT Image_blog/models/db1.py: 16
[2018-12-15 17:59:37] EDIT Image_blog/models/db.py: 0
[2018-12-15 17:59:40] EDIT Image_blog/models/db.py: 0
[2018-12-15 18:00:05] EDIT Image_blog/models/db.py: -16
[2018-12-15 19:14:36] EDIT Image_blog/controllers/default.py: 1
[2018-12-16 00:14:16] EDIT Image_blog/controllers/default.py: 13
[2018-12-16 00:15:22] EDIT Image_blog/models/db1.py: 2
[2018-12-16 00:41:40] EDIT Image_blog/controllers/default.py: 2
[2018-12-16 17:08:33] EDIT Image_blog/controllers/default.py: 0
[2018-12-16 17:10:52] EDIT Image_blog/controllers/default.py: 0
[2018-12-16 17:14:51] EDIT Image_blog/controllers/default.py: 0
[2018-12-16 17:17:00] EDIT Image_blog/models/db1.py: 2
[2018-12-16 17:17:19] EDIT Image_blog/controllers/default.py: 0
[2018-12-16 18:13:55] EDIT Image_blog/controllers/default.py: 0
[2018-12-16 18:15:00] EDIT Image_blog/models/db1.py: 0
[2018-12-16 18:16:00] EDIT Image_blog/controllers/default.py: 0
[2018-12-16 18:17:54] EDIT Image_blog/controllers/default.py: 0
[2018-12-16 18:19:57] EDIT Image_blog/controllers/default.py: 13
[2018-12-16 18:22:12] EDIT Image_blog/models/db1.py: -1
[2018-12-16 18:23:01] EDIT Image_blog/controllers/default.py: 0
[2018-12-17 19:20:17] EDIT Image_blog/models/db1.py: 1
[2018-12-17 19:20:28] EDIT Image_blog/models/db1.py: 0
[2018-12-17 19:21:03] EDIT Image_blog/models/db1.py: -1
[2018-12-17 19:21:05] EDIT Image_blog/models/db1.py: 0
[2018-12-17 19:21:06] EDIT Image_blog/models/db1.py: 0
[2018-12-17 19:21:10] EDIT Image_blog/models/db1.py: 0
[2018-12-17 19:21:48] EDIT Image_blog/models/db1.py: 0
[2018-12-17 19:58:51] EDIT Image_blog/models/db1.py: 1
[2018-12-17 19:59:23] EDIT Image_blog/models/db1.py: 0
[2018-12-17 19:59:38] EDIT Image_blog/models/db1.py: 0
[2018-12-17 20:03:29] EDIT Image_blog/controllers/default.py: 3
[2018-12-17 20:03:33] EDIT Image_blog/controllers/default.py: 0
[2018-12-17 20:17:37] EDIT Image_blog/controllers/default.py: 3
[2018-12-17 20:17:44] EDIT Image_blog/controllers/default.py: 0
[2018-12-17 20:18:22] EDIT Image_blog/controllers/default.py: 1
[2018-12-17 20:19:18] EDIT Image_blog/controllers/default.py: 1
[2018-12-17 20:23:20] EDIT Image_blog/controllers/default.py: 4
[2018-12-17 20:23:41] EDIT Image_blog/controllers/default.py: 0
[2018-12-17 20:24:16] EDIT Image_blog/controllers/default.py: 0
[2018-12-17 20:31:07] EDIT Image_blog/controllers/default.py: 0
[2018-12-17 20:31:45] EDIT Image_blog/controllers/default.py: 0
[2018-12-17 20:39:13] EDIT Image_blog/controllers/default.py: 2
[2018-12-17 20:40:39] EDIT Image_blog/controllers/default.py: 0
[2018-12-17 20:42:59] EDIT Image_blog/controllers/default.py: -3
[2018-12-17 22:53:34] EDIT Image_blog/models/db1.py: -1
[2018-12-17 22:54:09] EDIT Image_blog/models/db1.py: 1
[2018-12-18 00:36:49] CREATE default/index1.html: 0
[2018-12-18 00:40:03] EDIT Image_blog/views/default/index1.html: 6
[2018-12-18 00:55:20] EDIT Image_blog/views/default/index1.html: 0
[2018-12-18 00:56:23] EDIT Image_blog/controllers/default.py: 0
[2018-12-18 00:58:06] EDIT Image_blog/controllers/default.py: 0
[2018-12-18 00:58:08] EDIT Image_blog/controllers/default.py: 0
[2018-12-18 00:58:37] EDIT Image_blog/controllers/default.py: 0
[2018-12-18 00:59:17] EDIT Image_blog/controllers/default.py: 0
[2018-12-18 00:59:39] EDIT Image_blog/controllers/default.py: 0
[2018-12-18 01:00:10] EDIT Image_blog/views/default/index1.html: 0
[2018-12-18 01:00:49] EDIT Image_blog/views/default/index1.html: 0
[2018-12-18 01:01:38] EDIT Image_blog/controllers/default.py: 0
[2018-12-18 01:01:53] EDIT Image_blog/views/default/index1.html: 0
[2018-12-18 01:02:40] EDIT Image_blog/views/default/index1.html: 0
[2018-12-18 01:04:46] EDIT Image_blog/controllers/default.py: 0
[2018-12-18 01:04:49] EDIT Image_blog/views/default/index1.html: 0
[2018-12-18 01:05:34] CREATE default/index2.html: 0
[2018-12-18 01:06:16] EDIT Image_blog/views/default/index2.html: 6
[2018-12-18 01:06:30] EDIT Image_blog/controllers/default.py: 0
[2018-12-18 01:07:32] EDIT Image_blog/controllers/default.py: 1
[2018-12-18 01:08:00] EDIT Image_blog/controllers/default.py: -1
[2018-12-18 01:24:06] EDIT Image_blog/controllers/default.py: 8
[2018-12-18 01:25:56] EDIT Image_blog/controllers/default.py: 0
[2018-12-18 01:27:31] EDIT Image_blog/controllers/default.py: 0
[2018-12-18 01:28:21] EDIT Image_blog/controllers/default.py: 0
[2018-12-18 01:40:58] EDIT Image_blog/controllers/default.py: 2
[2018-12-18 01:43:33] CREATE default/show.html: 0
[2018-12-18 01:50:09] EDIT Image_blog/views/default/show.html: 24
[2018-12-18 01:50:25] EDIT Image_blog/controllers/default.py: 0
[2018-12-18 01:57:00] EDIT Image_blog/controllers/default.py: 0
[2018-12-18 23:57:49] EDIT Image_blog/controllers/default.py: -1
[2018-12-18 23:58:02] EDIT Image_blog/controllers/default.py: 1
[2018-12-18 23:58:23] EDIT Image_blog/controllers/default.py: -1
[2018-12-18 23:59:45] EDIT Image_blog/controllers/default.py: 1
[2018-12-19 00:00:48] EDIT Image_blog/controllers/default.py: 0
[2018-12-19 00:01:16] EDIT Image_blog/controllers/default.py: 0
[2018-12-19 00:02:21] EDIT Image_blog/controllers/default.py: 1
[2018-12-19 00:02:35] EDIT Image_blog/controllers/default.py: 0
[2018-12-19 00:06:57] EDIT Image_blog/controllers/default.py: 0
[2018-12-19 00:07:16] EDIT Image_blog/controllers/default.py: 0
[2018-12-19 00:21:22] EDIT Image_blog/controllers/default.py: 1
[2018-12-19 00:22:02] EDIT Image_blog/controllers/default.py: -1
[2018-12-19 00:22:44] EDIT Image_blog/controllers/default.py: 0
[2018-12-19 00:23:00] EDIT Image_blog/controllers/default.py: 0
[2018-12-19 00:23:56] EDIT Image_blog/controllers/default.py: 0
[2018-12-19 00:24:19] EDIT Image_blog/controllers/default.py: 0
[2018-12-19 00:25:09] EDIT Image_blog/controllers/default.py: 0
[2018-12-19 00:25:56] EDIT Image_blog/controllers/default.py: 0
[2018-12-19 00:26:23] EDIT Image_blog/controllers/default.py: 0
[2018-12-19 00:27:35] EDIT Image_blog/controllers/default.py: 0
[2018-12-19 00:29:03] EDIT Image_blog/views/default/index2.html: 0
[2018-12-19 00:29:38] EDIT Image_blog/models/db1.py: 0
[2018-12-19 00:29:50] EDIT Image_blog/controllers/default.py: 0
[2018-12-19 00:30:12] EDIT Image_blog/controllers/default.py: 0
[2018-12-19 00:30:22] EDIT Image_blog/controllers/default.py: 0
[2018-12-19 00:30:44] EDIT Image_blog/controllers/default.py: 0
[2018-12-19 00:32:05] EDIT Image_blog/views/default/index2.html: 0
[2018-12-19 00:32:21] EDIT Image_blog/views/default/index2.html: 0
[2018-12-19 00:32:43] EDIT Image_blog/views/default/index2.html: 0
[2018-12-19 00:33:01] EDIT Image_blog/views/default/index2.html: 0
[2018-12-19 00:36:08] EDIT Image_blog/models/db1.py: 0
[2018-12-19 00:36:18] EDIT Image_blog/views/default/index2.html: 0
[2018-12-19 00:36:34] EDIT Image_blog/controllers/default.py: 0
[2018-12-19 00:36:45] EDIT Image_blog/controllers/default.py: 0
[2018-12-19 00:37:01] EDIT Image_blog/controllers/default.py: 0
[2018-12-19 02:09:22] EDIT Image_blog/controllers/default.py: 0
[2018-12-19 02:09:54] EDIT Image_blog/views/default/index2.html: 0
[2018-12-19 02:10:45] EDIT Image_blog/controllers/default.py: 0
[2018-12-19 02:10:55] EDIT Image_blog/models/db1.py: 0
[2018-12-19 02:11:05] EDIT Image_blog/views/default/index2.html: 0
[2018-12-19 02:14:40] EDIT Image_blog/models/db1.py: 0
[2018-12-19 02:15:23] EDIT Image_blog/controllers/default.py: 0
[2018-12-19 02:16:48] EDIT Image_blog/controllers/default.py: -2
[2018-12-19 02:17:47] EDIT Image_blog/controllers/default.py: 2
[2018-12-19 02:18:03] EDIT Image_blog/controllers/default.py: 0
[2018-12-19 02:21:15] EDIT Image_blog/controllers/default.py: -10
[2018-12-19 02:22:39] EDIT Image_blog/controllers/default.py: 10
[2018-12-19 21:37:21] EDIT Image_blog/controllers/default.py: 0
[2018-12-19 21:44:07] EDIT Image_blog/controllers/default.py: -10
[2018-12-19 21:44:53] DELETE Image_blog/views/default/index2.html: -9
[2018-12-19 21:45:04] EDIT Image_blog/controllers/default.py: 0
[2018-12-19 21:45:40] EDIT Image_blog/controllers/default.py: 10
[2018-12-19 21:59:04] CREATE default/index2.html: 0
[2018-12-19 21:59:35] EDIT Image_blog/views/default/index2.html: 2
[2018-12-19 22:00:50] EDIT Image_blog/controllers/default.py: 10
[2018-12-19 22:01:17] EDIT Image_blog/controllers/default.py: -5
[2018-12-19 22:07:18] EDIT Image_blog/models/db1.py: 1
[2018-12-19 22:09:04] EDIT Image_blog/models/db1.py: 0
[2018-12-19 22:10:11] EDIT Image_blog/models/db1.py: 0
[2018-12-20 00:26:37] EDIT Image_blog/models/db1.py: 0
[2018-12-20 00:27:37] EDIT Image_blog/models/db1.py: 0
[2018-12-20 00:27:56] EDIT Image_blog/models/db1.py: 0
[2018-12-20 00:28:16] EDIT Image_blog/models/db1.py: 0
[2018-12-20 00:28:39] EDIT Image_blog/models/db1.py: 0
[2018-12-20 00:28:56] EDIT Image_blog/controllers/default.py: 0
[2018-12-20 00:29:24] EDIT Image_blog/controllers/default.py: 0
[2018-12-20 00:31:51] EDIT Image_blog/views/default/index2.html: 4
[2018-12-20 00:43:04] CREATE default/show2.html: 0
[2018-12-20 00:43:47] EDIT Image_blog/views/default/show2.html: 5
[2018-12-20 00:44:11] EDIT Image_blog/controllers/default.py: 0
[2018-12-20 00:44:55] EDIT Image_blog/controllers/default.py: 0
[2018-12-20 00:46:01] EDIT Image_blog/controllers/default.py: 1
[2018-12-20 00:47:51] EDIT Image_blog/views/default/show2.html: 0
[2018-12-20 00:48:42] EDIT Image_blog/views/default/show2.html: 0
[2018-12-20 00:49:31] EDIT Image_blog/controllers/default.py: 0
[2018-12-20 00:50:24] EDIT Image_blog/views/default/show2.html: 0
[2018-12-20 00:51:17] EDIT Image_blog/views/default/show2.html: 0
[2018-12-20 00:52:48] EDIT Image_blog/controllers/default.py: 0
[2018-12-20 00:53:37] EDIT Image_blog/controllers/default.py: 0
[2018-12-20 00:53:56] EDIT Image_blog/controllers/default.py: 0
[2018-12-20 00:54:30] EDIT Image_blog/controllers/default.py: 0
[2018-12-20 00:56:42] EDIT Image_blog/controllers/default.py: 0
[2018-12-20 00:57:03] EDIT Image_blog/controllers/default.py: 0
[2018-12-20 00:57:46] EDIT Image_blog/controllers/default.py: 0
[2018-12-20 00:57:56] EDIT Image_blog/controllers/default.py: 0
[2018-12-20 00:58:46] EDIT Image_blog/controllers/default.py: 0
[2018-12-20 00:59:08] EDIT Image_blog/views/default/index2.html: 0
[2018-12-20 01:01:09] EDIT Image_blog/controllers/default.py: 0
[2018-12-20 01:01:38] EDIT Image_blog/controllers/default.py: 0
[2018-12-20 01:01:59] EDIT Image_blog/controllers/default.py: 0
[2018-12-20 01:31:05] EDIT Image_blog/controllers/default.py: -1
[2018-12-20 01:32:02] EDIT Image_blog/controllers/default.py: 0
[2018-12-21 00:21:31] EDIT Image_blog/controllers/default.py: 1
[2018-12-21 00:22:42] EDIT Image_blog/controllers/default.py: 0
[2018-12-21 00:23:33] EDIT Image_blog/controllers/default.py: 0
[2018-12-21 00:24:09] EDIT Image_blog/controllers/default.py: 0
[2018-12-21 00:27:05] EDIT Image_blog/controllers/default.py: 0
[2018-12-21 00:28:10] EDIT Image_blog/controllers/default.py: 1
[2018-12-21 00:39:46] EDIT Image_blog/controllers/default.py: 1
[2018-12-21 00:40:15] EDIT Image_blog/controllers/default.py: -1
[2018-12-21 00:40:42] EDIT Image_blog/controllers/default.py: 0
[2018-12-21 00:41:13] EDIT Image_blog/controllers/default.py: 0
[2018-12-21 00:49:08] EDIT Image_blog/controllers/default.py: 0
[2018-12-21 00:52:46] EDIT Image_blog/controllers/default.py: -1
[2018-12-21 00:53:18] EDIT Image_blog/controllers/default.py: 0
[2018-12-21 00:54:58] EDIT Image_blog/controllers/default.py: 0
[2018-12-21 01:04:29] EDIT Image_blog/controllers/default.py: 0
[2018-12-21 01:04:47] EDIT Image_blog/controllers/default.py: 0
[2018-12-21 01:05:30] EDIT Image_blog/controllers/default.py: 0
[2018-12-21 01:06:05] EDIT Image_blog/controllers/default.py: 1
[2018-12-21 01:06:22] EDIT Image_blog/views/default/show2.html: 0
[2018-12-21 01:07:08] EDIT Image_blog/views/default/show2.html: 0
[2018-12-21 01:07:09] EDIT Image_blog/views/default/show2.html: 0
[2018-12-21 01:08:05] EDIT Image_blog/controllers/default.py: 0
[2018-12-21 01:31:46] EDIT Image_blog/controllers/default.py: 0
[2018-12-21 01:37:08] EDIT Image_blog/controllers/default.py: 0
[2018-12-21 01:38:30] EDIT Image_blog/controllers/default.py: 1
[2018-12-21 01:38:38] EDIT Image_blog/controllers/default.py: 0
[2018-12-21 01:38:43] EDIT Image_blog/controllers/default.py: 0
[2018-12-21 01:39:12] EDIT Image_blog/controllers/default.py: -1
[2018-12-22 01:19:06] EDIT Image_blog/controllers/default.py: 0
[2018-12-22 01:20:00] EDIT Image_blog/controllers/default.py: 0
[2018-12-22 01:22:07] EDIT Image_blog/controllers/default.py: 0
[2018-12-26 15:58:23] EDIT Image_blog/controllers/default.py: 0
[2018-12-26 23:56:26] EDIT Image_blog/views/default/index2.html: 0
[2018-12-27 00:17:28] EDIT Image_blog/controllers/default.py: -8
